<?xml version="1.0" encoding="UTF-8"?>
<coverage generated="1739880198215" clover="3.2.0">
  <project timestamp="1739880198215" name="All files">
    <metrics statements="45" coveredstatements="15" conditionals="21" coveredconditionals="5" methods="9" coveredmethods="2" elements="75" coveredelements="22" complexity="0" loc="45" ncloc="45" packages="4" files="6" classes="6"/>
    <package name="constants">
      <metrics statements="1" coveredstatements="1" conditionals="0" coveredconditionals="0" methods="0" coveredmethods="0"/>
      <file name="responseCodes.js" path="/Users/sheraz/dev/assess/enpal-coding-challenge/src/constants/responseCodes.js">
        <metrics statements="1" coveredstatements="1" conditionals="0" coveredconditionals="0" methods="0" coveredmethods="0"/>
        <line num="1" count="1" type="stmt"/>
      </file>
    </package>
    <package name="controllers">
      <metrics statements="9" coveredstatements="8" conditionals="2" coveredconditionals="0" methods="1" coveredmethods="1"/>
      <file name="appointments.js" path="/Users/sheraz/dev/assess/enpal-coding-challenge/src/controllers/appointments.js">
        <metrics statements="9" coveredstatements="8" conditionals="2" coveredconditionals="0" methods="1" coveredmethods="1"/>
        <line num="32" count="1" type="stmt"/>
        <line num="33" count="1" type="cond" truecount="0" falsecount="2"/>
        <line num="34" count="1" type="stmt"/>
        <line num="36" count="1" type="stmt"/>
        <line num="37" count="1" type="stmt"/>
        <line num="38" count="1" type="stmt"/>
        <line num="40" count="0" type="stmt"/>
        <line num="42" count="1" type="stmt"/>
        <line num="53" count="1" type="stmt"/>
      </file>
    </package>
    <package name="database">
      <metrics statements="6" coveredstatements="2" conditionals="0" coveredconditionals="0" methods="1" coveredmethods="0"/>
      <file name="index.js" path="/Users/sheraz/dev/assess/enpal-coding-challenge/src/database/index.js">
        <metrics statements="0" coveredstatements="0" conditionals="0" coveredconditionals="0" methods="0" coveredmethods="0"/>
      </file>
      <file name="prisma.js" path="/Users/sheraz/dev/assess/enpal-coding-challenge/src/database/prisma.js">
        <metrics statements="6" coveredstatements="2" conditionals="0" coveredconditionals="0" methods="1" coveredmethods="0"/>
        <line num="3" count="1" type="stmt"/>
        <line num="7" count="1" type="stmt"/>
        <line num="8" count="0" type="stmt"/>
        <line num="9" count="0" type="stmt"/>
        <line num="10" count="0" type="stmt"/>
        <line num="12" count="0" type="stmt"/>
      </file>
    </package>
    <package name="services">
      <metrics statements="29" coveredstatements="4" conditionals="19" coveredconditionals="5" methods="7" coveredmethods="1"/>
      <file name="appointment.js" path="/Users/sheraz/dev/assess/enpal-coding-challenge/src/services/appointment.js">
        <metrics statements="29" coveredstatements="4" conditionals="19" coveredconditionals="5" methods="7" coveredmethods="1"/>
        <line num="13" count="1" type="cond" truecount="0" falsecount="1"/>
        <line num="17" count="1" type="stmt"/>
        <line num="36" count="1" type="stmt"/>
        <line num="41" count="0" type="cond" truecount="0" falsecount="2"/>
        <line num="42" count="0" type="stmt"/>
        <line num="48" count="0" type="stmt"/>
        <line num="53" count="0" type="stmt"/>
        <line num="54" count="0" type="stmt"/>
        <line num="56" count="0" type="stmt"/>
        <line num="67" count="0" type="stmt"/>
        <line num="68" count="0" type="stmt"/>
        <line num="69" count="0" type="cond" truecount="0" falsecount="2"/>
        <line num="70" count="0" type="stmt"/>
        <line num="72" count="0" type="stmt"/>
        <line num="78" count="0" type="stmt"/>
        <line num="79" count="0" type="stmt"/>
        <line num="80" count="0" type="stmt"/>
        <line num="81" count="0" type="cond" truecount="0" falsecount="2"/>
        <line num="84" count="0" type="stmt"/>
        <line num="86" count="0" type="cond" truecount="0" falsecount="2"/>
        <line num="93" count="0" type="stmt"/>
        <line num="94" count="0" type="stmt"/>
        <line num="95" count="0" type="stmt"/>
        <line num="96" count="0" type="cond" truecount="0" falsecount="2"/>
        <line num="102" count="0" type="stmt"/>
        <line num="103" count="0" type="stmt"/>
        <line num="107" count="0" type="stmt"/>
        <line num="109" count="0" type="stmt"/>
        <line num="112" count="1" type="stmt"/>
      </file>
      <file name="index.js" path="/Users/sheraz/dev/assess/enpal-coding-challenge/src/services/index.js">
        <metrics statements="0" coveredstatements="0" conditionals="0" coveredconditionals="0" methods="0" coveredmethods="0"/>
      </file>
    </package>
  </project>
</coverage>
