{"/Users/sheraz/dev/assess/enpal-coding-challenge/src/constants/responseCodes.js": {"path":"/Users/sheraz/dev/assess/enpal-coding-challenge/src/constants/responseCodes.js","statementMap":{"0":{"start":{"line":1,"column":30},"end":{"line":18,"column":1}}},"fnMap":{},"branchMap":{},"s":{"0":1},"f":{},"b":{},"_coverageSchema":"1a1c01bbd47fc00a2c39e90264f33305004495a9","hash":"c54334255bac59ff013c59af9c12e686a8319051"}
,"/Users/sheraz/dev/assess/enpal-coding-challenge/src/controllers/appointments.js": {"path":"/Users/sheraz/dev/assess/enpal-coding-challenge/src/controllers/appointments.js","statementMap":{"0":{"start":{"line":32,"column":24},"end":{"line":48,"column":2}},"1":{"start":{"line":33,"column":34},"end":{"line":33,"column":43}},"2":{"start":{"line":34,"column":46},"end":{"line":34,"column":54}},"3":{"start":{"line":36,"column":1},"end":{"line":47,"column":2}},"4":{"start":{"line":37,"column":18},"end":{"line":37,"column":67}},"5":{"start":{"line":38,"column":25},"end":{"line":38,"column":76}},"6":{"start":{"line":40,"column":2},"end":{"line":40,"column":77}},"7":{"start":{"line":42,"column":2},"end":{"line":46,"column":5}},"8":{"start":{"line":53,"column":37},"end":{"line":55,"column":1}}},"fnMap":{"0":{"name":"(anonymous_0)","decl":{"start":{"line":32,"column":44},"end":{"line":32,"column":45}},"loc":{"start":{"line":32,"column":64},"end":{"line":48,"column":1}},"line":32}},"branchMap":{"0":{"loc":{"start":{"line":33,"column":9},"end":{"line":33,"column":17}},"type":"default-arg","locations":[{"start":{"line":33,"column":16},"end":{"line":33,"column":17}}],"line":33},"1":{"loc":{"start":{"line":33,"column":19},"end":{"line":33,"column":29}},"type":"default-arg","locations":[{"start":{"line":33,"column":27},"end":{"line":33,"column":29}}],"line":33}},"s":{"0":1,"1":1,"2":1,"3":1,"4":1,"5":1,"6":0,"7":1,"8":1},"f":{"0":1},"b":{"0":[0],"1":[0]},"_coverageSchema":"1a1c01bbd47fc00a2c39e90264f33305004495a9","hash":"8a09f3c73c3dc0e5aeb39efe17de422740e78654"}
,"/Users/sheraz/dev/assess/enpal-coding-challenge/src/database/index.js": {"path":"/Users/sheraz/dev/assess/enpal-coding-challenge/src/database/index.js","statementMap":{},"fnMap":{},"branchMap":{},"s":{},"f":{},"b":{},"_coverageSchema":"1a1c01bbd47fc00a2c39e90264f33305004495a9","hash":"f8ace866e9003f190bcfa8b2a267d84b34ba6c33"}
,"/Users/sheraz/dev/assess/enpal-coding-challenge/src/database/prisma.js": {"path":"/Users/sheraz/dev/assess/enpal-coding-challenge/src/database/prisma.js","statementMap":{"0":{"start":{"line":3,"column":18},"end":{"line":5,"column":2}},"1":{"start":{"line":7,"column":30},"end":{"line":14,"column":1}},"2":{"start":{"line":8,"column":1},"end":{"line":13,"column":2}},"3":{"start":{"line":9,"column":2},"end":{"line":9,"column":22}},"4":{"start":{"line":10,"column":2},"end":{"line":10,"column":63}},"5":{"start":{"line":12,"column":2},"end":{"line":12,"column":54}}},"fnMap":{"0":{"name":"(anonymous_0)","decl":{"start":{"line":7,"column":30},"end":{"line":7,"column":31}},"loc":{"start":{"line":7,"column":42},"end":{"line":14,"column":1}},"line":7}},"branchMap":{},"s":{"0":1,"1":1,"2":0,"3":0,"4":0,"5":0},"f":{"0":0},"b":{},"_coverageSchema":"1a1c01bbd47fc00a2c39e90264f33305004495a9","hash":"f4f6bcad5489ef63ee10137557c3dc9a18823835"}
,"/Users/sheraz/dev/assess/enpal-coding-challenge/src/services/appointment.js": {"path":"/Users/sheraz/dev/assess/enpal-coding-challenge/src/services/appointment.js","statementMap":{"0":{"start":{"line":13,"column":33},"end":{"line":110,"column":1}},"1":{"start":{"line":17,"column":20},"end":{"line":31,"column":2}},"2":{"start":{"line":36,"column":24},"end":{"line":40,"column":3}},"3":{"start":{"line":41,"column":1},"end":{"line":43,"column":2}},"4":{"start":{"line":42,"column":2},"end":{"line":42,"column":12}},"5":{"start":{"line":48,"column":20},"end":{"line":48,"column":90}},"6":{"start":{"line":48,"column":66},"end":{"line":48,"column":87}},"7":{"start":{"line":53,"column":20},"end":{"line":53,"column":49}},"8":{"start":{"line":54,"column":18},"end":{"line":54,"column":47}},"9":{"start":{"line":56,"column":21},"end":{"line":64,"column":3}},"10":{"start":{"line":67,"column":30},"end":{"line":67,"column":32}},"11":{"start":{"line":68,"column":1},"end":{"line":73,"column":2}},"12":{"start":{"line":69,"column":2},"end":{"line":71,"column":3}},"13":{"start":{"line":70,"column":3},"end":{"line":70,"column":49}},"14":{"start":{"line":72,"column":2},"end":{"line":72,"column":51}},"15":{"start":{"line":78,"column":24},"end":{"line":88,"column":3}},"16":{"start":{"line":79,"column":25},"end":{"line":79,"column":50}},"17":{"start":{"line":80,"column":23},"end":{"line":80,"column":46}},"18":{"start":{"line":81,"column":24},"end":{"line":81,"column":73}},"19":{"start":{"line":84,"column":2},"end":{"line":87,"column":4}},"20":{"start":{"line":86,"column":4},"end":{"line":86,"column":92}},"21":{"start":{"line":93,"column":22},"end":{"line":93,"column":24}},"22":{"start":{"line":94,"column":1},"end":{"line":97,"column":4}},"23":{"start":{"line":95,"column":23},"end":{"line":95,"column":62}},"24":{"start":{"line":96,"column":2},"end":{"line":96,"column":69}},"25":{"start":{"line":102,"column":16},"end":{"line":107,"column":86}},"26":{"start":{"line":103,"column":22},"end":{"line":106,"column":3}},"27":{"start":{"line":107,"column":18},"end":{"line":107,"column":85}},"28":{"start":{"line":109,"column":1},"end":{"line":109,"column":15}},"29":{"start":{"line":112,"column":34},"end":{"line":114,"column":1}}},"fnMap":{"0":{"name":"(anonymous_0)","decl":{"start":{"line":13,"column":33},"end":{"line":13,"column":34}},"loc":{"start":{"line":13,"column":86},"end":{"line":110,"column":1}},"line":13},"1":{"name":"(anonymous_1)","decl":{"start":{"line":48,"column":58},"end":{"line":48,"column":59}},"loc":{"start":{"line":48,"column":66},"end":{"line":48,"column":87}},"line":48},"2":{"name":"(anonymous_2)","decl":{"start":{"line":78,"column":46},"end":{"line":78,"column":47}},"loc":{"start":{"line":78,"column":54},"end":{"line":88,"column":2}},"line":78},"3":{"name":"(anonymous_3)","decl":{"start":{"line":85,"column":3},"end":{"line":85,"column":4}},"loc":{"start":{"line":86,"column":4},"end":{"line":86,"column":92}},"line":86},"4":{"name":"(anonymous_4)","decl":{"start":{"line":94,"column":24},"end":{"line":94,"column":25}},"loc":{"start":{"line":94,"column":32},"end":{"line":97,"column":2}},"line":94},"5":{"name":"(anonymous_5)","decl":{"start":{"line":103,"column":7},"end":{"line":103,"column":8}},"loc":{"start":{"line":103,"column":22},"end":{"line":106,"column":3}},"line":103},"6":{"name":"(anonymous_6)","decl":{"start":{"line":107,"column":8},"end":{"line":107,"column":9}},"loc":{"start":{"line":107,"column":18},"end":{"line":107,"column":85}},"line":107}},"branchMap":{"0":{"loc":{"start":{"line":13,"column":48},"end":{"line":13,"column":61}},"type":"default-arg","locations":[{"start":{"line":13,"column":59},"end":{"line":13,"column":61}}],"line":13},"1":{"loc":{"start":{"line":19,"column":6},"end":{"line":24,"column":3}},"type":"binary-expr","locations":[{"start":{"line":19,"column":6},"end":{"line":19,"column":10}},{"start":{"line":19,"column":14},"end":{"line":24,"column":3}}],"line":19},"2":{"loc":{"start":{"line":26,"column":7},"end":{"line":26,"column":55}},"type":"cond-expr","locations":[{"start":{"line":26,"column":18},"end":{"line":26,"column":50}},{"start":{"line":26,"column":53},"end":{"line":26,"column":55}}],"line":26},"3":{"loc":{"start":{"line":27,"column":7},"end":{"line":27,"column":58}},"type":"cond-expr","locations":[{"start":{"line":27,"column":16},"end":{"line":27,"column":53}},{"start":{"line":27,"column":56},"end":{"line":27,"column":58}}],"line":27},"4":{"loc":{"start":{"line":29,"column":7},"end":{"line":29,"column":66}},"type":"cond-expr","locations":[{"start":{"line":29,"column":25},"end":{"line":29,"column":61}},{"start":{"line":29,"column":64},"end":{"line":29,"column":66}}],"line":29},"5":{"loc":{"start":{"line":41,"column":1},"end":{"line":43,"column":2}},"type":"if","locations":[{"start":{"line":41,"column":1},"end":{"line":43,"column":2}},{"start":{},"end":{}}],"line":41},"6":{"loc":{"start":{"line":69,"column":2},"end":{"line":71,"column":3}},"type":"if","locations":[{"start":{"line":69,"column":2},"end":{"line":71,"column":3}},{"start":{},"end":{}}],"line":69},"7":{"loc":{"start":{"line":81,"column":24},"end":{"line":81,"column":73}},"type":"binary-expr","locations":[{"start":{"line":81,"column":24},"end":{"line":81,"column":67}},{"start":{"line":81,"column":71},"end":{"line":81,"column":73}}],"line":81},"8":{"loc":{"start":{"line":86,"column":4},"end":{"line":86,"column":92}},"type":"binary-expr","locations":[{"start":{"line":86,"column":4},"end":{"line":86,"column":46}},{"start":{"line":86,"column":50},"end":{"line":86,"column":92}}],"line":86},"9":{"loc":{"start":{"line":96,"column":32},"end":{"line":96,"column":63}},"type":"binary-expr","locations":[{"start":{"line":96,"column":32},"end":{"line":96,"column":58}},{"start":{"line":96,"column":62},"end":{"line":96,"column":63}}],"line":96}},"s":{"0":1,"1":1,"2":1,"3":0,"4":0,"5":0,"6":0,"7":0,"8":0,"9":0,"10":0,"11":0,"12":0,"13":0,"14":0,"15":0,"16":0,"17":0,"18":0,"19":0,"20":0,"21":0,"22":0,"23":0,"24":0,"25":0,"26":0,"27":0,"28":0,"29":1},"f":{"0":1,"1":0,"2":0,"3":0,"4":0,"5":0,"6":0},"b":{"0":[0],"1":[1,1],"2":[1,0],"3":[1,0],"4":[1,0],"5":[0,0],"6":[0,0],"7":[0,0],"8":[0,0],"9":[0,0]},"_coverageSchema":"1a1c01bbd47fc00a2c39e90264f33305004495a9","hash":"cb2460e9579a451a708fe40d850149a5e32bc5c7"}
,"/Users/sheraz/dev/assess/enpal-coding-challenge/src/services/index.js": {"path":"/Users/sheraz/dev/assess/enpal-coding-challenge/src/services/index.js","statementMap":{},"fnMap":{},"branchMap":{},"s":{},"f":{},"b":{},"_coverageSchema":"1a1c01bbd47fc00a2c39e90264f33305004495a9","hash":"e376c0abda931f8da9df5cf054c04365d2ff6635"}
}
